<?xml version="1.0" encoding="UTF-8"?>
<testsuite name="ca.mjdsystems.jmatio.test.MatIOTest" time="0.645" tests="27" errors="0" skipped="0" failures="0">
  <properties>
[...]
</properties>
  <testcase name="testBigSparseFile" classname="ca.mjdsystems.jmatio.test.MatIOTest" time="0.403"/>
  <testcase name="testMLCharArray" classname="ca.mjdsystems.jmatio.test.MatIOTest" time="0.03"/>
  <testcase name="testMLSparse" classname="ca.mjdsystems.jmatio.test.MatIOTest" time="0.004"/>
  <testcase name="testInt64" classname="ca.mjdsystems.jmatio.test.MatIOTest" time="0.006"/>
  <testcase name="testUInt8" classname="ca.mjdsystems.jmatio.test.MatIOTest" time="0.005"/>
  <testcase name="testInt8" classname="ca.mjdsystems.jmatio.test.MatIOTest" time="0.005"/>
  <testcase name="testFilteredReading" classname="ca.mjdsystems.jmatio.test.MatIOTest" time="0.003"/>
  <testcase name="testMLStructureFieldNames" classname="ca.mjdsystems.jmatio.test.MatIOTest" time="0.002"/>
  <testcase name="testIncrementalWrite" classname="ca.mjdsystems.jmatio.test.MatIOTest" time="0.005"/>
  <testcase name="testWritingMethods" classname="ca.mjdsystems.jmatio.test.MatIOTest" time="0.028"/>
  <testcase name="testReadingNaN" classname="ca.mjdsystems.jmatio.test.MatIOTest" time="0.004"/>
  <testcase name="testMLCharStringArray" classname="ca.mjdsystems.jmatio.test.MatIOTest" time="0.001"/>
  <testcase name="testStructureFromMatlabCreatedFile" classname="ca.mjdsystems.jmatio.test.MatIOTest" time="0.005"/>
  <testcase name="testWritingManyArraysInFile" classname="ca.mjdsystems.jmatio.test.MatIOTest" time="0.004"/>
  <testcase name="testMLUInt8Array" classname="ca.mjdsystems.jmatio.test.MatIOTest" time="0.004"/>
  <testcase name="testMatFileFilter" classname="ca.mjdsystems.jmatio.test.MatIOTest" time="0.002"/>
  <testcase name="testBenchmarkUInt8" classname="ca.mjdsystems.jmatio.test.MatIOTest" time="0.042"/>
  <testcase name="testCellFromMatlabCreatedFile" classname="ca.mjdsystems.jmatio.test.MatIOTest" time="0.043"/>
  <testcase name="testMultipleEmptyNames" classname="ca.mjdsystems.jmatio.test.MatIOTest" time="0.009"/>
  <testcase name="testMLStructure" classname="ca.mjdsystems.jmatio.test.MatIOTest" time="0.005"/>
  <testcase name="testMLDoubleArray" classname="ca.mjdsystems.jmatio.test.MatIOTest" time="0.003"/>
  <testcase name="testSparseFromMatlabCreatedFile" classname="ca.mjdsystems.jmatio.test.MatIOTest" time="0.006"/>
  <testcase name="testMLCell" classname="ca.mjdsystems.jmatio.test.MatIOTest" time="0.004"/>
  <testcase name="testSingle" classname="ca.mjdsystems.jmatio.test.MatIOTest" time="0.006"/>
  <testcase name="testUInt64" classname="ca.mjdsystems.jmatio.test.MatIOTest" time="0.011"/>
  <testcase name="testDoubleFromMatlabCreatedFile2" classname="ca.mjdsystems.jmatio.test.MatIOTest" time="0.002"/>
  <testcase name="testDoubleFromMatlabCreatedFile" classname="ca.mjdsystems.jmatio.test.MatIOTest" time="0.003"/>
</testsuite>